<?xml version="1.0" encoding="UTF-8"?>
<!-- Generated by org.testng.reporters.JUnitReportReporter -->
<testsuite hostname="DESKTOP-UMRLRJO" failures="0" tests="1" name="Test1.NaveenTest" time="28.536" errors="0" timestamp="2023-07-06T12:06:45 IST" skipped="0">
  <testcase classname="Test1.NaveenTest" name="testing" time="28.536"/>
  <system-out/>
</testsuite> <!-- Test1.NaveenTest -->
